{"C:\\Users\\Justa\\Desktop\\express-biztime\\app.js": {"path":"C:\\Users\\Justa\\Desktop\\express-biztime\\app.js","statementMap":{"0":{"start":{"line":4,"column":16},"end":{"line":4,"column":34}},"1":{"start":{"line":6,"column":12},"end":{"line":6,"column":21}},"2":{"start":{"line":7,"column":21},"end":{"line":7,"column":46}},"3":{"start":{"line":9,"column":0},"end":{"line":9,"column":24}},"4":{"start":{"line":11,"column":24},"end":{"line":11,"column":56}},"5":{"start":{"line":12,"column":23},"end":{"line":12,"column":54}},"6":{"start":{"line":13,"column":25},"end":{"line":13,"column":55}},"7":{"start":{"line":15,"column":0},"end":{"line":15,"column":39}},"8":{"start":{"line":16,"column":0},"end":{"line":16,"column":37}},"9":{"start":{"line":17,"column":0},"end":{"line":17,"column":41}},"10":{"start":{"line":22,"column":0},"end":{"line":25,"column":3}},"11":{"start":{"line":23,"column":14},"end":{"line":23,"column":48}},"12":{"start":{"line":24,"column":2},"end":{"line":24,"column":19}},"13":{"start":{"line":29,"column":0},"end":{"line":36,"column":3}},"14":{"start":{"line":30,"column":2},"end":{"line":30,"column":32}},"15":{"start":{"line":32,"column":2},"end":{"line":35,"column":5}},"16":{"start":{"line":39,"column":0},"end":{"line":39,"column":21}}},"fnMap":{"0":{"name":"(anonymous_0)","decl":{"start":{"line":22,"column":8},"end":{"line":22,"column":9}},"loc":{"start":{"line":22,"column":33},"end":{"line":25,"column":1}},"line":22},"1":{"name":"(anonymous_1)","decl":{"start":{"line":29,"column":8},"end":{"line":29,"column":9}},"loc":{"start":{"line":29,"column":33},"end":{"line":36,"column":1}},"line":29}},"branchMap":{"0":{"loc":{"start":{"line":30,"column":13},"end":{"line":30,"column":30}},"type":"binary-expr","locations":[{"start":{"line":30,"column":13},"end":{"line":30,"column":23}},{"start":{"line":30,"column":27},"end":{"line":30,"column":30}}],"line":30}},"s":{"0":1,"1":1,"2":1,"3":1,"4":1,"5":1,"6":1,"7":1,"8":1,"9":1,"10":1,"11":0,"12":0,"13":1,"14":0,"15":0,"16":1},"f":{"0":0,"1":0},"b":{"0":[0,0]},"_coverageSchema":"1a1c01bbd47fc00a2c39e90264f33305004495a9","hash":"9aa170bfd5a83a3bf03c1f7c0f3354b9a3d437cf"}
,"C:\\Users\\Justa\\Desktop\\express-biztime\\db.js": {"path":"C:\\Users\\Justa\\Desktop\\express-biztime\\db.js","statementMap":{"0":{"start":{"line":3,"column":17},"end":{"line":3,"column":30}},"1":{"start":{"line":5,"column":15},"end":{"line":5,"column":103}},"2":{"start":{"line":7,"column":11},"end":{"line":7,"column":49}},"3":{"start":{"line":8,"column":0},"end":{"line":8,"column":13}},"4":{"start":{"line":10,"column":0},"end":{"line":10,"column":20}}},"fnMap":{},"branchMap":{"0":{"loc":{"start":{"line":5,"column":15},"end":{"line":5,"column":103}},"type":"cond-expr","locations":[{"start":{"line":5,"column":49},"end":{"line":5,"column":77}},{"start":{"line":5,"column":80},"end":{"line":5,"column":103}}],"line":5}},"s":{"0":1,"1":1,"2":1,"3":1,"4":1},"f":{},"b":{"0":[1,0]},"_coverageSchema":"1a1c01bbd47fc00a2c39e90264f33305004495a9","hash":"3d3059fac01781751799e05275043c03abcfe3f2"}
,"C:\\Users\\Justa\\Desktop\\express-biztime\\expressError.js": {"path":"C:\\Users\\Justa\\Desktop\\express-biztime\\expressError.js","statementMap":{"0":{"start":{"line":9,"column":4},"end":{"line":9,"column":12}},"1":{"start":{"line":10,"column":4},"end":{"line":10,"column":27}},"2":{"start":{"line":11,"column":4},"end":{"line":11,"column":25}},"3":{"start":{"line":12,"column":4},"end":{"line":12,"column":30}},"4":{"start":{"line":17,"column":0},"end":{"line":17,"column":30}}},"fnMap":{"0":{"name":"(anonymous_0)","decl":{"start":{"line":8,"column":2},"end":{"line":8,"column":3}},"loc":{"start":{"line":8,"column":31},"end":{"line":13,"column":3}},"line":8}},"branchMap":{},"s":{"0":0,"1":0,"2":0,"3":0,"4":1},"f":{"0":0},"b":{},"_coverageSchema":"1a1c01bbd47fc00a2c39e90264f33305004495a9","hash":"1317820cb91ba82608419ac82ccf5e1aa2410915"}
,"C:\\Users\\Justa\\Desktop\\express-biztime\\routes\\companies.js": {"path":"C:\\Users\\Justa\\Desktop\\express-biztime\\routes\\companies.js","statementMap":{"0":{"start":{"line":1,"column":11},"end":{"line":1,"column":30}},"1":{"start":{"line":2,"column":21},"end":{"line":2,"column":47}},"2":{"start":{"line":3,"column":16},"end":{"line":3,"column":34}},"3":{"start":{"line":5,"column":16},"end":{"line":5,"column":34}},"4":{"start":{"line":6,"column":15},"end":{"line":6,"column":35}},"5":{"start":{"line":8,"column":0},"end":{"line":16,"column":3}},"6":{"start":{"line":9,"column":4},"end":{"line":15,"column":5}},"7":{"start":{"line":10,"column":24},"end":{"line":10,"column":74}},"8":{"start":{"line":11,"column":8},"end":{"line":11,"column":51}},"9":{"start":{"line":14,"column":8},"end":{"line":14,"column":25}},"10":{"start":{"line":19,"column":0},"end":{"line":42,"column":3}},"11":{"start":{"line":20,"column":17},"end":{"line":20,"column":32}},"12":{"start":{"line":21,"column":4},"end":{"line":41,"column":5}},"13":{"start":{"line":22,"column":30},"end":{"line":22,"column":109}},"14":{"start":{"line":23,"column":30},"end":{"line":23,"column":92}},"15":{"start":{"line":24,"column":8},"end":{"line":24,"column":95}},"16":{"start":{"line":25,"column":21},"end":{"line":25,"column":43}},"17":{"start":{"line":26,"column":23},"end":{"line":26,"column":42}},"18":{"start":{"line":27,"column":8},"end":{"line":27,"column":43}},"19":{"start":{"line":27,"column":37},"end":{"line":27,"column":41}},"20":{"start":{"line":29,"column":25},"end":{"line":34,"column":51}},"21":{"start":{"line":35,"column":8},"end":{"line":35,"column":50}},"22":{"start":{"line":37,"column":8},"end":{"line":37,"column":68}},"23":{"start":{"line":40,"column":12},"end":{"line":40,"column":93}},"24":{"start":{"line":44,"column":0},"end":{"line":57,"column":3}},"25":{"start":{"line":45,"column":17},"end":{"line":45,"column":30}},"26":{"start":{"line":46,"column":24},"end":{"line":46,"column":44}},"27":{"start":{"line":47,"column":17},"end":{"line":47,"column":30}},"28":{"start":{"line":48,"column":4},"end":{"line":56,"column":5}},"29":{"start":{"line":49,"column":24},"end":{"line":50,"column":35}},"30":{"start":{"line":51,"column":20},"end":{"line":51,"column":35}},"31":{"start":{"line":52,"column":8},"end":{"line":52,"column":111}},"32":{"start":{"line":55,"column":8},"end":{"line":55,"column":25}},"33":{"start":{"line":59,"column":0},"end":{"line":72,"column":3}},"34":{"start":{"line":60,"column":17},"end":{"line":60,"column":32}},"35":{"start":{"line":61,"column":17},"end":{"line":61,"column":30}},"36":{"start":{"line":62,"column":24},"end":{"line":62,"column":44}},"37":{"start":{"line":63,"column":4},"end":{"line":71,"column":5}},"38":{"start":{"line":64,"column":24},"end":{"line":65,"column":35}},"39":{"start":{"line":66,"column":20},"end":{"line":66,"column":35}},"40":{"start":{"line":67,"column":8},"end":{"line":67,"column":83}},"41":{"start":{"line":70,"column":8},"end":{"line":70,"column":89}},"42":{"start":{"line":75,"column":0},"end":{"line":87,"column":3}},"43":{"start":{"line":76,"column":17},"end":{"line":76,"column":32}},"44":{"start":{"line":77,"column":4},"end":{"line":86,"column":5}},"45":{"start":{"line":78,"column":24},"end":{"line":78,"column":100}},"46":{"start":{"line":79,"column":8},"end":{"line":81,"column":9}},"47":{"start":{"line":80,"column":12},"end":{"line":80,"column":83}},"48":{"start":{"line":82,"column":8},"end":{"line":82,"column":47}},"49":{"start":{"line":85,"column":8},"end":{"line":85,"column":25}},"50":{"start":{"line":89,"column":0},"end":{"line":89,"column":24}}},"fnMap":{"0":{"name":"(anonymous_0)","decl":{"start":{"line":8,"column":16},"end":{"line":8,"column":17}},"loc":{"start":{"line":8,"column":40},"end":{"line":16,"column":1}},"line":8},"1":{"name":"(anonymous_1)","decl":{"start":{"line":19,"column":21},"end":{"line":19,"column":22}},"loc":{"start":{"line":19,"column":45},"end":{"line":42,"column":1}},"line":19},"2":{"name":"(anonymous_2)","decl":{"start":{"line":27,"column":32},"end":{"line":27,"column":33}},"loc":{"start":{"line":27,"column":37},"end":{"line":27,"column":41}},"line":27},"3":{"name":"(anonymous_3)","decl":{"start":{"line":44,"column":17},"end":{"line":44,"column":18}},"loc":{"start":{"line":44,"column":43},"end":{"line":57,"column":1}},"line":44},"4":{"name":"(anonymous_4)","decl":{"start":{"line":59,"column":21},"end":{"line":59,"column":22}},"loc":{"start":{"line":59,"column":45},"end":{"line":72,"column":1}},"line":59},"5":{"name":"(anonymous_5)","decl":{"start":{"line":75,"column":24},"end":{"line":75,"column":25}},"loc":{"start":{"line":75,"column":48},"end":{"line":87,"column":1}},"line":75}},"branchMap":{"0":{"loc":{"start":{"line":79,"column":8},"end":{"line":81,"column":9}},"type":"if","locations":[{"start":{"line":79,"column":8},"end":{"line":81,"column":9}},{"start":{"line":79,"column":8},"end":{"line":81,"column":9}}],"line":79}},"s":{"0":1,"1":1,"2":1,"3":1,"4":1,"5":1,"6":1,"7":1,"8":1,"9":0,"10":1,"11":1,"12":1,"13":1,"14":1,"15":1,"16":1,"17":1,"18":1,"19":0,"20":1,"21":1,"22":1,"23":0,"24":1,"25":1,"26":1,"27":1,"28":1,"29":1,"30":1,"31":1,"32":0,"33":1,"34":0,"35":0,"36":0,"37":0,"38":0,"39":0,"40":0,"41":0,"42":1,"43":0,"44":0,"45":0,"46":0,"47":0,"48":0,"49":0,"50":1},"f":{"0":1,"1":1,"2":0,"3":1,"4":0,"5":0},"b":{"0":[0,0]},"_coverageSchema":"1a1c01bbd47fc00a2c39e90264f33305004495a9","hash":"6d96c3d89647d53b5873b15211118556ec14b431"}
,"C:\\Users\\Justa\\Desktop\\express-biztime\\routes\\industries.js": {"path":"C:\\Users\\Justa\\Desktop\\express-biztime\\routes\\industries.js","statementMap":{"0":{"start":{"line":1,"column":16},"end":{"line":1,"column":34}},"1":{"start":{"line":2,"column":15},"end":{"line":2,"column":35}},"2":{"start":{"line":3,"column":11},"end":{"line":3,"column":27}},"3":{"start":{"line":5,"column":21},"end":{"line":5,"column":47}},"4":{"start":{"line":8,"column":0},"end":{"line":22,"column":3}},"5":{"start":{"line":9,"column":4},"end":{"line":21,"column":5}},"6":{"start":{"line":10,"column":22},"end":{"line":10,"column":77}},"7":{"start":{"line":12,"column":8},"end":{"line":12,"column":31}},"8":{"start":{"line":13,"column":8},"end":{"line":15,"column":9}},"9":{"start":{"line":14,"column":12},"end":{"line":14,"column":58}},"10":{"start":{"line":17,"column":8},"end":{"line":17,"column":33}},"11":{"start":{"line":20,"column":8},"end":{"line":20,"column":25}},"12":{"start":{"line":24,"column":0},"end":{"line":40,"column":3}},"13":{"start":{"line":25,"column":17},"end":{"line":25,"column":30}},"14":{"start":{"line":26,"column":21},"end":{"line":26,"column":38}},"15":{"start":{"line":27,"column":4},"end":{"line":39,"column":5}},"16":{"start":{"line":28,"column":22},"end":{"line":30,"column":82}},"17":{"start":{"line":31,"column":8},"end":{"line":33,"column":9}},"18":{"start":{"line":32,"column":12},"end":{"line":32,"column":69}},"19":{"start":{"line":34,"column":8},"end":{"line":34,"column":34}},"20":{"start":{"line":35,"column":8},"end":{"line":35,"column":45}},"21":{"start":{"line":38,"column":8},"end":{"line":38,"column":25}},"22":{"start":{"line":42,"column":0},"end":{"line":56,"column":3}},"23":{"start":{"line":43,"column":21},"end":{"line":43,"column":38}},"24":{"start":{"line":44,"column":22},"end":{"line":44,"column":40}},"25":{"start":{"line":46,"column":4},"end":{"line":55,"column":5}},"26":{"start":{"line":47,"column":22},"end":{"line":49,"column":86}},"27":{"start":{"line":50,"column":8},"end":{"line":50,"column":34}},"28":{"start":{"line":51,"column":8},"end":{"line":51,"column":45}},"29":{"start":{"line":54,"column":8},"end":{"line":54,"column":25}},"30":{"start":{"line":58,"column":0},"end":{"line":58,"column":24}}},"fnMap":{"0":{"name":"(anonymous_0)","decl":{"start":{"line":8,"column":16},"end":{"line":8,"column":17}},"loc":{"start":{"line":8,"column":40},"end":{"line":22,"column":1}},"line":8},"1":{"name":"(anonymous_1)","decl":{"start":{"line":24,"column":17},"end":{"line":24,"column":18}},"loc":{"start":{"line":24,"column":41},"end":{"line":40,"column":1}},"line":24},"2":{"name":"(anonymous_2)","decl":{"start":{"line":42,"column":26},"end":{"line":42,"column":27}},"loc":{"start":{"line":42,"column":50},"end":{"line":56,"column":1}},"line":42}},"branchMap":{"0":{"loc":{"start":{"line":13,"column":8},"end":{"line":15,"column":9}},"type":"if","locations":[{"start":{"line":13,"column":8},"end":{"line":15,"column":9}},{"start":{"line":13,"column":8},"end":{"line":15,"column":9}}],"line":13},"1":{"loc":{"start":{"line":31,"column":8},"end":{"line":33,"column":9}},"type":"if","locations":[{"start":{"line":31,"column":8},"end":{"line":33,"column":9}},{"start":{"line":31,"column":8},"end":{"line":33,"column":9}}],"line":31}},"s":{"0":1,"1":1,"2":1,"3":1,"4":1,"5":1,"6":1,"7":1,"8":1,"9":0,"10":1,"11":0,"12":1,"13":1,"14":1,"15":1,"16":1,"17":1,"18":0,"19":1,"20":1,"21":0,"22":1,"23":1,"24":1,"25":1,"26":1,"27":1,"28":1,"29":0,"30":1},"f":{"0":1,"1":1,"2":1},"b":{"0":[0,1],"1":[0,1]},"_coverageSchema":"1a1c01bbd47fc00a2c39e90264f33305004495a9","hash":"cd6580999806bd3a8a0ac9026f3c1f157f47df8a"}
,"C:\\Users\\Justa\\Desktop\\express-biztime\\routes\\invoices.js": {"path":"C:\\Users\\Justa\\Desktop\\express-biztime\\routes\\invoices.js","statementMap":{"0":{"start":{"line":1,"column":11},"end":{"line":1,"column":30}},"1":{"start":{"line":2,"column":21},"end":{"line":2,"column":47}},"2":{"start":{"line":4,"column":16},"end":{"line":4,"column":34}},"3":{"start":{"line":5,"column":15},"end":{"line":5,"column":35}},"4":{"start":{"line":8,"column":0},"end":{"line":17,"column":3}},"5":{"start":{"line":9,"column":4},"end":{"line":9,"column":26}},"6":{"start":{"line":10,"column":4},"end":{"line":16,"column":5}},"7":{"start":{"line":11,"column":24},"end":{"line":11,"column":76}},"8":{"start":{"line":12,"column":8},"end":{"line":12,"column":50}},"9":{"start":{"line":15,"column":8},"end":{"line":15,"column":25}},"10":{"start":{"line":20,"column":0},"end":{"line":36,"column":3}},"11":{"start":{"line":21,"column":15},"end":{"line":21,"column":31}},"12":{"start":{"line":22,"column":4},"end":{"line":35,"column":5}},"13":{"start":{"line":23,"column":22},"end":{"line":23,"column":124}},"14":{"start":{"line":24,"column":8},"end":{"line":24,"column":34}},"15":{"start":{"line":25,"column":26},"end":{"line":25,"column":43}},"16":{"start":{"line":26,"column":8},"end":{"line":26,"column":33}},"17":{"start":{"line":28,"column":22},"end":{"line":28,"column":112}},"18":{"start":{"line":29,"column":8},"end":{"line":29,"column":34}},"19":{"start":{"line":31,"column":8},"end":{"line":31,"column":59}},"20":{"start":{"line":34,"column":8},"end":{"line":34,"column":64}},"21":{"start":{"line":39,"column":0},"end":{"line":52,"column":3}},"22":{"start":{"line":40,"column":22},"end":{"line":40,"column":40}},"23":{"start":{"line":41,"column":16},"end":{"line":41,"column":28}},"24":{"start":{"line":42,"column":4},"end":{"line":50,"column":5}},"25":{"start":{"line":43,"column":24},"end":{"line":44,"column":26}},"26":{"start":{"line":45,"column":20},"end":{"line":45,"column":35}},"27":{"start":{"line":46,"column":8},"end":{"line":46,"column":59}},"28":{"start":{"line":49,"column":8},"end":{"line":49,"column":25}},"29":{"start":{"line":55,"column":0},"end":{"line":98,"column":3}},"30":{"start":{"line":56,"column":15},"end":{"line":56,"column":28}},"31":{"start":{"line":57,"column":16},"end":{"line":57,"column":28}},"32":{"start":{"line":58,"column":17},"end":{"line":58,"column":30}},"33":{"start":{"line":60,"column":22},"end":{"line":60,"column":26}},"34":{"start":{"line":61,"column":4},"end":{"line":67,"column":5}},"35":{"start":{"line":62,"column":8},"end":{"line":62,"column":84}},"36":{"start":{"line":63,"column":8},"end":{"line":63,"column":47}},"37":{"start":{"line":66,"column":8},"end":{"line":66,"column":57}},"38":{"start":{"line":69,"column":16},"end":{"line":69,"column":18}},"39":{"start":{"line":70,"column":15},"end":{"line":70,"column":19}},"40":{"start":{"line":71,"column":4},"end":{"line":82,"column":5}},"41":{"start":{"line":72,"column":8},"end":{"line":72,"column":113}},"42":{"start":{"line":73,"column":8},"end":{"line":73,"column":25}},"43":{"start":{"line":76,"column":17},"end":{"line":76,"column":21}},"44":{"start":{"line":77,"column":8},"end":{"line":79,"column":9}},"45":{"start":{"line":78,"column":12},"end":{"line":78,"column":28}},"46":{"start":{"line":80,"column":8},"end":{"line":80,"column":136}},"47":{"start":{"line":81,"column":8},"end":{"line":81,"column":35}},"48":{"start":{"line":85,"column":4},"end":{"line":97,"column":5}},"49":{"start":{"line":86,"column":24},"end":{"line":86,"column":51}},"50":{"start":{"line":87,"column":8},"end":{"line":89,"column":9}},"51":{"start":{"line":88,"column":12},"end":{"line":88,"column":61}},"52":{"start":{"line":91,"column":20},"end":{"line":91,"column":35}},"53":{"start":{"line":92,"column":8},"end":{"line":92,"column":46}},"54":{"start":{"line":95,"column":8},"end":{"line":95,"column":25}},"55":{"start":{"line":101,"column":0},"end":{"line":114,"column":3}},"56":{"start":{"line":102,"column":15},"end":{"line":102,"column":31}},"57":{"start":{"line":104,"column":4},"end":{"line":113,"column":5}},"58":{"start":{"line":105,"column":24},"end":{"line":105,"column":92}},"59":{"start":{"line":106,"column":8},"end":{"line":108,"column":9}},"60":{"start":{"line":107,"column":12},"end":{"line":107,"column":61}},"61":{"start":{"line":109,"column":8},"end":{"line":109,"column":45}},"62":{"start":{"line":112,"column":8},"end":{"line":112,"column":25}},"63":{"start":{"line":116,"column":0},"end":{"line":116,"column":24}}},"fnMap":{"0":{"name":"(anonymous_0)","decl":{"start":{"line":8,"column":16},"end":{"line":8,"column":17}},"loc":{"start":{"line":8,"column":40},"end":{"line":17,"column":1}},"line":8},"1":{"name":"(anonymous_1)","decl":{"start":{"line":20,"column":19},"end":{"line":20,"column":20}},"loc":{"start":{"line":20,"column":43},"end":{"line":36,"column":1}},"line":20},"2":{"name":"(anonymous_2)","decl":{"start":{"line":39,"column":17},"end":{"line":39,"column":18}},"loc":{"start":{"line":39,"column":41},"end":{"line":52,"column":1}},"line":39},"3":{"name":"(anonymous_3)","decl":{"start":{"line":55,"column":19},"end":{"line":55,"column":20}},"loc":{"start":{"line":55,"column":43},"end":{"line":98,"column":1}},"line":55},"4":{"name":"(anonymous_4)","decl":{"start":{"line":101,"column":22},"end":{"line":101,"column":23}},"loc":{"start":{"line":101,"column":46},"end":{"line":114,"column":1}},"line":101}},"branchMap":{"0":{"loc":{"start":{"line":71,"column":4},"end":{"line":82,"column":5}},"type":"if","locations":[{"start":{"line":71,"column":4},"end":{"line":82,"column":5}},{"start":{"line":71,"column":4},"end":{"line":82,"column":5}}],"line":71},"1":{"loc":{"start":{"line":77,"column":8},"end":{"line":79,"column":9}},"type":"if","locations":[{"start":{"line":77,"column":8},"end":{"line":79,"column":9}},{"start":{"line":77,"column":8},"end":{"line":79,"column":9}}],"line":77},"2":{"loc":{"start":{"line":87,"column":8},"end":{"line":89,"column":9}},"type":"if","locations":[{"start":{"line":87,"column":8},"end":{"line":89,"column":9}},{"start":{"line":87,"column":8},"end":{"line":89,"column":9}}],"line":87},"3":{"loc":{"start":{"line":106,"column":8},"end":{"line":108,"column":9}},"type":"if","locations":[{"start":{"line":106,"column":8},"end":{"line":108,"column":9}},{"start":{"line":106,"column":8},"end":{"line":108,"column":9}}],"line":106}},"s":{"0":1,"1":1,"2":1,"3":1,"4":1,"5":0,"6":0,"7":0,"8":0,"9":0,"10":1,"11":0,"12":0,"13":0,"14":0,"15":0,"16":0,"17":0,"18":0,"19":0,"20":0,"21":1,"22":1,"23":1,"24":1,"25":1,"26":1,"27":1,"28":0,"29":1,"30":0,"31":0,"32":0,"33":0,"34":0,"35":0,"36":0,"37":0,"38":0,"39":0,"40":0,"41":0,"42":0,"43":0,"44":0,"45":0,"46":0,"47":0,"48":0,"49":0,"50":0,"51":0,"52":0,"53":0,"54":0,"55":1,"56":0,"57":0,"58":0,"59":0,"60":0,"61":0,"62":0,"63":1},"f":{"0":0,"1":0,"2":1,"3":0,"4":0},"b":{"0":[0,0],"1":[0,0],"2":[0,0],"3":[0,0]},"_coverageSchema":"1a1c01bbd47fc00a2c39e90264f33305004495a9","hash":"58c99ffb695365053b333193ae2f7e6e7f6a0a36"}
}
